{"F:\\Projects\\dementia-rehabilitation\\hooks\\useQuote.ts": {"path":"F:\\Projects\\dementia-rehabilitation\\hooks\\useQuote.ts","statementMap":{"0":{"start":{"line":5,"column":24},"end":{"line":23,"column":1}},"1":{"start":{"line":6,"column":34},"end":{"line":6,"column":49}},"2":{"start":{"line":7,"column":30},"end":{"line":7,"column":47}},"3":{"start":{"line":8,"column":30},"end":{"line":8,"column":59}},"4":{"start":{"line":10,"column":21},"end":{"line":20,"column":5}},"5":{"start":{"line":11,"column":8},"end":{"line":11,"column":25}},"6":{"start":{"line":13,"column":25},"end":{"line":13,"column":42}},"7":{"start":{"line":15,"column":8},"end":{"line":15,"column":27}},"8":{"start":{"line":16,"column":8},"end":{"line":16,"column":26}},"9":{"start":{"line":19,"column":8},"end":{"line":19,"column":24}},"10":{"start":{"line":22,"column":4},"end":{"line":22,"column":47}}},"fnMap":{"0":{"name":"(anonymous_0)","decl":{"start":{"line":5,"column":24},"end":{"line":5,"column":25}},"loc":{"start":{"line":5,"column":30},"end":{"line":23,"column":1}},"line":5},"1":{"name":"(anonymous_1)","decl":{"start":{"line":10,"column":21},"end":{"line":10,"column":22}},"loc":{"start":{"line":10,"column":49},"end":{"line":20,"column":5}},"line":10}},"branchMap":{},"s":{"0":1,"1":2,"2":2,"3":2,"4":2,"5":1,"6":1,"7":1,"8":1,"9":1,"10":2},"f":{"0":2,"1":1},"b":{},"_coverageSchema":"1a1c01bbd47fc00a2c39e90264f33305004495a9","hash":"f0d3c5520d9e075a0f815b6b578f9336f0c22377"}
,"F:\\Projects\\dementia-rehabilitation\\hooks\\useSupport.ts": {"path":"F:\\Projects\\dementia-rehabilitation\\hooks\\useSupport.ts","statementMap":{"0":{"start":{"line":13,"column":26},"end":{"line":133,"column":1}},"1":{"start":{"line":14,"column":34},"end":{"line":14,"column":49}},"2":{"start":{"line":15,"column":30},"end":{"line":15,"column":59}},"3":{"start":{"line":24,"column":24},"end":{"line":37,"column":5}},"4":{"start":{"line":25,"column":8},"end":{"line":25,"column":25}},"5":{"start":{"line":27,"column":25},"end":{"line":27,"column":60}},"6":{"start":{"line":29,"column":8},"end":{"line":33,"column":9}},"7":{"start":{"line":30,"column":12},"end":{"line":30,"column":74}},"8":{"start":{"line":31,"column":12},"end":{"line":31,"column":30}},"9":{"start":{"line":32,"column":12},"end":{"line":32,"column":24}},"10":{"start":{"line":35,"column":8},"end":{"line":35,"column":26}},"11":{"start":{"line":36,"column":8},"end":{"line":36,"column":24}},"12":{"start":{"line":46,"column":29},"end":{"line":59,"column":5}},"13":{"start":{"line":47,"column":8},"end":{"line":47,"column":25}},"14":{"start":{"line":49,"column":25},"end":{"line":49,"column":75}},"15":{"start":{"line":51,"column":8},"end":{"line":55,"column":9}},"16":{"start":{"line":52,"column":12},"end":{"line":52,"column":74}},"17":{"start":{"line":53,"column":12},"end":{"line":53,"column":30}},"18":{"start":{"line":54,"column":12},"end":{"line":54,"column":24}},"19":{"start":{"line":57,"column":8},"end":{"line":57,"column":26}},"20":{"start":{"line":58,"column":8},"end":{"line":58,"column":27}},"21":{"start":{"line":69,"column":23},"end":{"line":83,"column":5}},"22":{"start":{"line":70,"column":8},"end":{"line":70,"column":25}},"23":{"start":{"line":72,"column":8},"end":{"line":72,"column":25}},"24":{"start":{"line":73,"column":25},"end":{"line":73,"column":68}},"25":{"start":{"line":75,"column":8},"end":{"line":79,"column":9}},"26":{"start":{"line":76,"column":12},"end":{"line":76,"column":74}},"27":{"start":{"line":77,"column":12},"end":{"line":77,"column":30}},"28":{"start":{"line":78,"column":12},"end":{"line":78,"column":24}},"29":{"start":{"line":81,"column":8},"end":{"line":81,"column":26}},"30":{"start":{"line":82,"column":8},"end":{"line":82,"column":24}},"31":{"start":{"line":85,"column":24},"end":{"line":99,"column":5}},"32":{"start":{"line":86,"column":8},"end":{"line":86,"column":25}},"33":{"start":{"line":88,"column":8},"end":{"line":88,"column":25}},"34":{"start":{"line":89,"column":25},"end":{"line":89,"column":74}},"35":{"start":{"line":91,"column":8},"end":{"line":95,"column":9}},"36":{"start":{"line":92,"column":12},"end":{"line":92,"column":74}},"37":{"start":{"line":93,"column":12},"end":{"line":93,"column":30}},"38":{"start":{"line":94,"column":12},"end":{"line":94,"column":25}},"39":{"start":{"line":97,"column":8},"end":{"line":97,"column":26}},"40":{"start":{"line":98,"column":8},"end":{"line":98,"column":20}},"41":{"start":{"line":101,"column":26},"end":{"line":115,"column":5}},"42":{"start":{"line":102,"column":8},"end":{"line":102,"column":25}},"43":{"start":{"line":104,"column":8},"end":{"line":104,"column":25}},"44":{"start":{"line":105,"column":25},"end":{"line":105,"column":76}},"45":{"start":{"line":107,"column":8},"end":{"line":111,"column":9}},"46":{"start":{"line":108,"column":12},"end":{"line":108,"column":74}},"47":{"start":{"line":109,"column":12},"end":{"line":109,"column":30}},"48":{"start":{"line":110,"column":12},"end":{"line":110,"column":25}},"49":{"start":{"line":113,"column":8},"end":{"line":113,"column":26}},"50":{"start":{"line":114,"column":8},"end":{"line":114,"column":20}},"51":{"start":{"line":117,"column":35},"end":{"line":130,"column":5}},"52":{"start":{"line":118,"column":8},"end":{"line":118,"column":25}},"53":{"start":{"line":120,"column":25},"end":{"line":120,"column":73}},"54":{"start":{"line":122,"column":8},"end":{"line":126,"column":9}},"55":{"start":{"line":123,"column":12},"end":{"line":123,"column":74}},"56":{"start":{"line":124,"column":12},"end":{"line":124,"column":30}},"57":{"start":{"line":125,"column":12},"end":{"line":125,"column":24}},"58":{"start":{"line":128,"column":8},"end":{"line":128,"column":26}},"59":{"start":{"line":129,"column":8},"end":{"line":129,"column":46}},"60":{"start":{"line":132,"column":4},"end":{"line":132,"column":122}}},"fnMap":{"0":{"name":"(anonymous_0)","decl":{"start":{"line":13,"column":26},"end":{"line":13,"column":27}},"loc":{"start":{"line":13,"column":32},"end":{"line":133,"column":1}},"line":13},"1":{"name":"(anonymous_1)","decl":{"start":{"line":24,"column":24},"end":{"line":24,"column":25}},"loc":{"start":{"line":24,"column":64},"end":{"line":37,"column":5}},"line":24},"2":{"name":"(anonymous_2)","decl":{"start":{"line":46,"column":29},"end":{"line":46,"column":30}},"loc":{"start":{"line":46,"column":67},"end":{"line":59,"column":5}},"line":46},"3":{"name":"(anonymous_3)","decl":{"start":{"line":69,"column":23},"end":{"line":69,"column":24}},"loc":{"start":{"line":69,"column":73},"end":{"line":83,"column":5}},"line":69},"4":{"name":"(anonymous_4)","decl":{"start":{"line":85,"column":24},"end":{"line":85,"column":25}},"loc":{"start":{"line":85,"column":67},"end":{"line":99,"column":5}},"line":85},"5":{"name":"(anonymous_5)","decl":{"start":{"line":101,"column":26},"end":{"line":101,"column":27}},"loc":{"start":{"line":101,"column":69},"end":{"line":115,"column":5}},"line":101},"6":{"name":"(anonymous_6)","decl":{"start":{"line":117,"column":35},"end":{"line":117,"column":36}},"loc":{"start":{"line":117,"column":72},"end":{"line":130,"column":5}},"line":117}},"branchMap":{"0":{"loc":{"start":{"line":29,"column":8},"end":{"line":33,"column":9}},"type":"if","locations":[{"start":{"line":29,"column":8},"end":{"line":33,"column":9}},{"start":{},"end":{}}],"line":29},"1":{"loc":{"start":{"line":51,"column":8},"end":{"line":55,"column":9}},"type":"if","locations":[{"start":{"line":51,"column":8},"end":{"line":55,"column":9}},{"start":{},"end":{}}],"line":51},"2":{"loc":{"start":{"line":75,"column":8},"end":{"line":79,"column":9}},"type":"if","locations":[{"start":{"line":75,"column":8},"end":{"line":79,"column":9}},{"start":{},"end":{}}],"line":75},"3":{"loc":{"start":{"line":91,"column":8},"end":{"line":95,"column":9}},"type":"if","locations":[{"start":{"line":91,"column":8},"end":{"line":95,"column":9}},{"start":{},"end":{}}],"line":91},"4":{"loc":{"start":{"line":107,"column":8},"end":{"line":111,"column":9}},"type":"if","locations":[{"start":{"line":107,"column":8},"end":{"line":111,"column":9}},{"start":{},"end":{}}],"line":107},"5":{"loc":{"start":{"line":122,"column":8},"end":{"line":126,"column":9}},"type":"if","locations":[{"start":{"line":122,"column":8},"end":{"line":126,"column":9}},{"start":{},"end":{}}],"line":122}},"s":{"0":1,"1":12,"2":12,"3":12,"4":1,"5":1,"6":1,"7":0,"8":0,"9":0,"10":1,"11":1,"12":12,"13":1,"14":1,"15":1,"16":0,"17":0,"18":0,"19":1,"20":1,"21":12,"22":1,"23":1,"24":1,"25":1,"26":0,"27":0,"28":0,"29":1,"30":1,"31":12,"32":1,"33":1,"34":1,"35":1,"36":0,"37":0,"38":0,"39":1,"40":1,"41":12,"42":1,"43":1,"44":1,"45":1,"46":0,"47":0,"48":0,"49":1,"50":1,"51":12,"52":1,"53":1,"54":1,"55":0,"56":0,"57":0,"58":1,"59":1,"60":12},"f":{"0":12,"1":1,"2":1,"3":1,"4":1,"5":1,"6":1},"b":{"0":[0,1],"1":[0,1],"2":[0,1],"3":[0,1],"4":[0,1],"5":[0,1]},"_coverageSchema":"1a1c01bbd47fc00a2c39e90264f33305004495a9","hash":"3b6126aa1f7e214aca2e513ea0f4cb939efa8d8c"}
,"F:\\Projects\\dementia-rehabilitation\\hooks\\games\\useGame.ts": {"path":"F:\\Projects\\dementia-rehabilitation\\hooks\\games\\useGame.ts","statementMap":{"0":{"start":{"line":18,"column":23},"end":{"line":132,"column":1}},"1":{"start":{"line":19,"column":34},"end":{"line":19,"column":49}},"2":{"start":{"line":20,"column":30},"end":{"line":20,"column":59}},"3":{"start":{"line":27,"column":20},"end":{"line":41,"column":5}},"4":{"start":{"line":28,"column":8},"end":{"line":28,"column":25}},"5":{"start":{"line":31,"column":25},"end":{"line":31,"column":65}},"6":{"start":{"line":33,"column":8},"end":{"line":37,"column":9}},"7":{"start":{"line":34,"column":12},"end":{"line":34,"column":66}},"8":{"start":{"line":35,"column":12},"end":{"line":35,"column":30}},"9":{"start":{"line":36,"column":12},"end":{"line":36,"column":31}},"10":{"start":{"line":39,"column":8},"end":{"line":39,"column":26}},"11":{"start":{"line":40,"column":8},"end":{"line":40,"column":24}},"12":{"start":{"line":48,"column":21},"end":{"line":61,"column":5}},"13":{"start":{"line":49,"column":8},"end":{"line":49,"column":25}},"14":{"start":{"line":51,"column":25},"end":{"line":51,"column":57}},"15":{"start":{"line":53,"column":8},"end":{"line":57,"column":9}},"16":{"start":{"line":54,"column":12},"end":{"line":54,"column":63}},"17":{"start":{"line":55,"column":12},"end":{"line":55,"column":30}},"18":{"start":{"line":56,"column":12},"end":{"line":56,"column":24}},"19":{"start":{"line":59,"column":8},"end":{"line":59,"column":26}},"20":{"start":{"line":60,"column":8},"end":{"line":60,"column":24}},"21":{"start":{"line":68,"column":26},"end":{"line":81,"column":5}},"22":{"start":{"line":69,"column":8},"end":{"line":69,"column":25}},"23":{"start":{"line":71,"column":25},"end":{"line":71,"column":64}},"24":{"start":{"line":73,"column":8},"end":{"line":77,"column":9}},"25":{"start":{"line":74,"column":12},"end":{"line":74,"column":63}},"26":{"start":{"line":75,"column":12},"end":{"line":75,"column":30}},"27":{"start":{"line":76,"column":12},"end":{"line":76,"column":24}},"28":{"start":{"line":79,"column":8},"end":{"line":79,"column":26}},"29":{"start":{"line":80,"column":8},"end":{"line":80,"column":24}},"30":{"start":{"line":91,"column":23},"end":{"line":129,"column":5}},"31":{"start":{"line":92,"column":8},"end":{"line":92,"column":25}},"32":{"start":{"line":95,"column":36},"end":{"line":108,"column":9}},"33":{"start":{"line":110,"column":8},"end":{"line":116,"column":11}},"34":{"start":{"line":111,"column":12},"end":{"line":115,"column":13}},"35":{"start":{"line":112,"column":16},"end":{"line":112,"column":54}},"36":{"start":{"line":113,"column":16},"end":{"line":113,"column":34}},"37":{"start":{"line":114,"column":16},"end":{"line":114,"column":29}},"38":{"start":{"line":119,"column":25},"end":{"line":119,"column":87}},"39":{"start":{"line":121,"column":8},"end":{"line":125,"column":9}},"40":{"start":{"line":122,"column":12},"end":{"line":122,"column":66}},"41":{"start":{"line":123,"column":12},"end":{"line":123,"column":30}},"42":{"start":{"line":124,"column":12},"end":{"line":124,"column":25}},"43":{"start":{"line":127,"column":8},"end":{"line":127,"column":26}},"44":{"start":{"line":128,"column":8},"end":{"line":128,"column":20}},"45":{"start":{"line":131,"column":4},"end":{"line":131,"column":73}}},"fnMap":{"0":{"name":"(anonymous_0)","decl":{"start":{"line":18,"column":23},"end":{"line":18,"column":24}},"loc":{"start":{"line":18,"column":29},"end":{"line":132,"column":1}},"line":18},"1":{"name":"(anonymous_1)","decl":{"start":{"line":27,"column":20},"end":{"line":27,"column":21}},"loc":{"start":{"line":27,"column":60},"end":{"line":41,"column":5}},"line":27},"2":{"name":"(anonymous_2)","decl":{"start":{"line":48,"column":21},"end":{"line":48,"column":22}},"loc":{"start":{"line":48,"column":59},"end":{"line":61,"column":5}},"line":48},"3":{"name":"(anonymous_3)","decl":{"start":{"line":68,"column":26},"end":{"line":68,"column":27}},"loc":{"start":{"line":68,"column":61},"end":{"line":81,"column":5}},"line":68},"4":{"name":"(anonymous_4)","decl":{"start":{"line":91,"column":23},"end":{"line":91,"column":24}},"loc":{"start":{"line":91,"column":153},"end":{"line":129,"column":5}},"line":91},"5":{"name":"(anonymous_5)","decl":{"start":{"line":110,"column":23},"end":{"line":110,"column":24}},"loc":{"start":{"line":110,"column":33},"end":{"line":116,"column":9}},"line":110}},"branchMap":{"0":{"loc":{"start":{"line":33,"column":8},"end":{"line":37,"column":9}},"type":"if","locations":[{"start":{"line":33,"column":8},"end":{"line":37,"column":9}},{"start":{},"end":{}}],"line":33},"1":{"loc":{"start":{"line":53,"column":8},"end":{"line":57,"column":9}},"type":"if","locations":[{"start":{"line":53,"column":8},"end":{"line":57,"column":9}},{"start":{},"end":{}}],"line":53},"2":{"loc":{"start":{"line":73,"column":8},"end":{"line":77,"column":9}},"type":"if","locations":[{"start":{"line":73,"column":8},"end":{"line":77,"column":9}},{"start":{},"end":{}}],"line":73},"3":{"loc":{"start":{"line":111,"column":12},"end":{"line":115,"column":13}},"type":"if","locations":[{"start":{"line":111,"column":12},"end":{"line":115,"column":13}},{"start":{},"end":{}}],"line":111},"4":{"loc":{"start":{"line":121,"column":8},"end":{"line":125,"column":9}},"type":"if","locations":[{"start":{"line":121,"column":8},"end":{"line":125,"column":9}},{"start":{},"end":{}}],"line":121}},"s":{"0":1,"1":10,"2":10,"3":10,"4":1,"5":1,"6":1,"7":0,"8":0,"9":0,"10":1,"11":1,"12":10,"13":1,"14":1,"15":1,"16":0,"17":0,"18":0,"19":1,"20":1,"21":10,"22":1,"23":1,"24":1,"25":0,"26":0,"27":0,"28":1,"29":1,"30":10,"31":2,"32":2,"33":2,"34":6,"35":0,"36":0,"37":0,"38":2,"39":2,"40":1,"41":1,"42":1,"43":1,"44":1,"45":10},"f":{"0":10,"1":1,"2":1,"3":1,"4":2,"5":6},"b":{"0":[0,1],"1":[0,1],"2":[0,1],"3":[0,6],"4":[1,1]},"_coverageSchema":"1a1c01bbd47fc00a2c39e90264f33305004495a9","hash":"42da6998dca3bd6e1ef6ecab2429b655133daf27"}
,"F:\\Projects\\dementia-rehabilitation\\hooks\\games\\useGameStatistics.ts": {"path":"F:\\Projects\\dementia-rehabilitation\\hooks\\games\\useGameStatistics.ts","statementMap":{"0":{"start":{"line":18,"column":33},"end":{"line":142,"column":1}},"1":{"start":{"line":19,"column":34},"end":{"line":19,"column":48}},"2":{"start":{"line":20,"column":30},"end":{"line":20,"column":59}},"3":{"start":{"line":27,"column":28},"end":{"line":40,"column":5}},"4":{"start":{"line":28,"column":8},"end":{"line":28,"column":25}},"5":{"start":{"line":30,"column":25},"end":{"line":30,"column":85}},"6":{"start":{"line":32,"column":8},"end":{"line":36,"column":9}},"7":{"start":{"line":33,"column":12},"end":{"line":33,"column":63}},"8":{"start":{"line":34,"column":12},"end":{"line":34,"column":30}},"9":{"start":{"line":35,"column":12},"end":{"line":35,"column":22}},"10":{"start":{"line":38,"column":8},"end":{"line":38,"column":26}},"11":{"start":{"line":39,"column":8},"end":{"line":39,"column":24}},"12":{"start":{"line":46,"column":27},"end":{"line":59,"column":5}},"13":{"start":{"line":47,"column":8},"end":{"line":47,"column":25}},"14":{"start":{"line":49,"column":25},"end":{"line":49,"column":84}},"15":{"start":{"line":51,"column":8},"end":{"line":55,"column":9}},"16":{"start":{"line":52,"column":12},"end":{"line":52,"column":63}},"17":{"start":{"line":53,"column":12},"end":{"line":53,"column":30}},"18":{"start":{"line":54,"column":12},"end":{"line":54,"column":22}},"19":{"start":{"line":57,"column":8},"end":{"line":57,"column":26}},"20":{"start":{"line":58,"column":8},"end":{"line":58,"column":24}},"21":{"start":{"line":66,"column":30},"end":{"line":79,"column":5}},"22":{"start":{"line":67,"column":8},"end":{"line":67,"column":25}},"23":{"start":{"line":69,"column":25},"end":{"line":69,"column":83}},"24":{"start":{"line":71,"column":8},"end":{"line":75,"column":9}},"25":{"start":{"line":72,"column":12},"end":{"line":72,"column":63}},"26":{"start":{"line":73,"column":12},"end":{"line":73,"column":30}},"27":{"start":{"line":74,"column":12},"end":{"line":74,"column":23}},"28":{"start":{"line":77,"column":8},"end":{"line":77,"column":26}},"29":{"start":{"line":78,"column":8},"end":{"line":78,"column":24}},"30":{"start":{"line":86,"column":28},"end":{"line":99,"column":5}},"31":{"start":{"line":87,"column":8},"end":{"line":87,"column":25}},"32":{"start":{"line":89,"column":25},"end":{"line":89,"column":85}},"33":{"start":{"line":91,"column":8},"end":{"line":95,"column":9}},"34":{"start":{"line":92,"column":12},"end":{"line":92,"column":63}},"35":{"start":{"line":93,"column":12},"end":{"line":93,"column":30}},"36":{"start":{"line":94,"column":12},"end":{"line":94,"column":22}},"37":{"start":{"line":97,"column":8},"end":{"line":97,"column":26}},"38":{"start":{"line":98,"column":8},"end":{"line":98,"column":24}},"39":{"start":{"line":105,"column":27},"end":{"line":118,"column":5}},"40":{"start":{"line":106,"column":8},"end":{"line":106,"column":25}},"41":{"start":{"line":108,"column":25},"end":{"line":108,"column":71}},"42":{"start":{"line":110,"column":8},"end":{"line":114,"column":9}},"43":{"start":{"line":111,"column":12},"end":{"line":111,"column":63}},"44":{"start":{"line":112,"column":12},"end":{"line":112,"column":30}},"45":{"start":{"line":113,"column":12},"end":{"line":113,"column":22}},"46":{"start":{"line":116,"column":8},"end":{"line":116,"column":26}},"47":{"start":{"line":117,"column":8},"end":{"line":117,"column":24}},"48":{"start":{"line":126,"column":40},"end":{"line":139,"column":5}},"49":{"start":{"line":127,"column":8},"end":{"line":127,"column":25}},"50":{"start":{"line":129,"column":25},"end":{"line":129,"column":122}},"51":{"start":{"line":131,"column":8},"end":{"line":135,"column":9}},"52":{"start":{"line":132,"column":12},"end":{"line":132,"column":63}},"53":{"start":{"line":133,"column":12},"end":{"line":133,"column":30}},"54":{"start":{"line":134,"column":12},"end":{"line":134,"column":22}},"55":{"start":{"line":137,"column":8},"end":{"line":137,"column":26}},"56":{"start":{"line":138,"column":8},"end":{"line":138,"column":24}},"57":{"start":{"line":141,"column":4},"end":{"line":141,"column":141}}},"fnMap":{"0":{"name":"(anonymous_0)","decl":{"start":{"line":18,"column":33},"end":{"line":18,"column":34}},"loc":{"start":{"line":18,"column":39},"end":{"line":142,"column":1}},"line":18},"1":{"name":"(anonymous_1)","decl":{"start":{"line":27,"column":28},"end":{"line":27,"column":29}},"loc":{"start":{"line":27,"column":69},"end":{"line":40,"column":5}},"line":27},"2":{"name":"(anonymous_2)","decl":{"start":{"line":46,"column":27},"end":{"line":46,"column":28}},"loc":{"start":{"line":46,"column":68},"end":{"line":59,"column":5}},"line":46},"3":{"name":"(anonymous_3)","decl":{"start":{"line":66,"column":30},"end":{"line":66,"column":31}},"loc":{"start":{"line":66,"column":68},"end":{"line":79,"column":5}},"line":66},"4":{"name":"(anonymous_4)","decl":{"start":{"line":86,"column":28},"end":{"line":86,"column":29}},"loc":{"start":{"line":86,"column":69},"end":{"line":99,"column":5}},"line":86},"5":{"name":"(anonymous_5)","decl":{"start":{"line":105,"column":27},"end":{"line":105,"column":28}},"loc":{"start":{"line":105,"column":53},"end":{"line":118,"column":5}},"line":105},"6":{"name":"(anonymous_6)","decl":{"start":{"line":126,"column":40},"end":{"line":126,"column":41}},"loc":{"start":{"line":126,"column":105},"end":{"line":139,"column":5}},"line":126}},"branchMap":{"0":{"loc":{"start":{"line":32,"column":8},"end":{"line":36,"column":9}},"type":"if","locations":[{"start":{"line":32,"column":8},"end":{"line":36,"column":9}},{"start":{},"end":{}}],"line":32},"1":{"loc":{"start":{"line":51,"column":8},"end":{"line":55,"column":9}},"type":"if","locations":[{"start":{"line":51,"column":8},"end":{"line":55,"column":9}},{"start":{},"end":{}}],"line":51},"2":{"loc":{"start":{"line":71,"column":8},"end":{"line":75,"column":9}},"type":"if","locations":[{"start":{"line":71,"column":8},"end":{"line":75,"column":9}},{"start":{},"end":{}}],"line":71},"3":{"loc":{"start":{"line":91,"column":8},"end":{"line":95,"column":9}},"type":"if","locations":[{"start":{"line":91,"column":8},"end":{"line":95,"column":9}},{"start":{},"end":{}}],"line":91},"4":{"loc":{"start":{"line":110,"column":8},"end":{"line":114,"column":9}},"type":"if","locations":[{"start":{"line":110,"column":8},"end":{"line":114,"column":9}},{"start":{},"end":{}}],"line":110},"5":{"loc":{"start":{"line":131,"column":8},"end":{"line":135,"column":9}},"type":"if","locations":[{"start":{"line":131,"column":8},"end":{"line":135,"column":9}},{"start":{},"end":{}}],"line":131}},"s":{"0":1,"1":12,"2":12,"3":12,"4":1,"5":1,"6":1,"7":0,"8":0,"9":0,"10":1,"11":1,"12":12,"13":1,"14":1,"15":1,"16":0,"17":0,"18":0,"19":1,"20":1,"21":12,"22":1,"23":1,"24":1,"25":0,"26":0,"27":0,"28":1,"29":1,"30":12,"31":1,"32":1,"33":1,"34":0,"35":0,"36":0,"37":1,"38":1,"39":12,"40":1,"41":1,"42":1,"43":0,"44":0,"45":0,"46":1,"47":1,"48":12,"49":1,"50":1,"51":1,"52":0,"53":0,"54":0,"55":1,"56":1,"57":12},"f":{"0":12,"1":1,"2":1,"3":1,"4":1,"5":1,"6":1},"b":{"0":[0,1],"1":[0,1],"2":[0,1],"3":[0,1],"4":[0,1],"5":[0,1]},"_coverageSchema":"1a1c01bbd47fc00a2c39e90264f33305004495a9","hash":"ffb39c7bf57f3f37620f10bf68b6c11608d94d72"}
}
