TN:
SF:hooks\useQuote.ts
FN:5,(anonymous_0)
FN:10,(anonymous_1)
FNF:2
FNH:2
FNDA:2,(anonymous_0)
FNDA:1,(anonymous_1)
DA:5,1
DA:6,2
DA:7,2
DA:8,2
DA:10,2
DA:11,1
DA:13,1
DA:15,1
DA:16,1
DA:19,1
DA:22,2
LF:11
LH:11
BRF:0
BRH:0
end_of_record
TN:
SF:hooks\useSupport.ts
FN:13,(anonymous_0)
FN:24,(anonymous_1)
FN:46,(anonymous_2)
FN:69,(anonymous_3)
FN:85,(anonymous_4)
FN:101,(anonymous_5)
FN:117,(anonymous_6)
FNF:7
FNH:7
FNDA:12,(anonymous_0)
FNDA:1,(anonymous_1)
FNDA:1,(anonymous_2)
FNDA:1,(anonymous_3)
FNDA:1,(anonymous_4)
FNDA:1,(anonymous_5)
FNDA:1,(anonymous_6)
DA:13,1
DA:14,12
DA:15,12
DA:24,12
DA:25,1
DA:27,1
DA:29,1
DA:30,0
DA:31,0
DA:32,0
DA:35,1
DA:36,1
DA:46,12
DA:47,1
DA:49,1
DA:51,1
DA:52,0
DA:53,0
DA:54,0
DA:57,1
DA:58,1
DA:69,12
DA:70,1
DA:72,1
DA:73,1
DA:75,1
DA:76,0
DA:77,0
DA:78,0
DA:81,1
DA:82,1
DA:85,12
DA:86,1
DA:88,1
DA:89,1
DA:91,1
DA:92,0
DA:93,0
DA:94,0
DA:97,1
DA:98,1
DA:101,12
DA:102,1
DA:104,1
DA:105,1
DA:107,1
DA:108,0
DA:109,0
DA:110,0
DA:113,1
DA:114,1
DA:117,12
DA:118,1
DA:120,1
DA:122,1
DA:123,0
DA:124,0
DA:125,0
DA:128,1
DA:129,1
DA:132,12
LF:61
LH:43
BRDA:29,0,0,0
BRDA:29,0,1,1
BRDA:51,1,0,0
BRDA:51,1,1,1
BRDA:75,2,0,0
BRDA:75,2,1,1
BRDA:91,3,0,0
BRDA:91,3,1,1
BRDA:107,4,0,0
BRDA:107,4,1,1
BRDA:122,5,0,0
BRDA:122,5,1,1
BRF:12
BRH:6
end_of_record
TN:
SF:hooks\games\useGame.ts
FN:18,(anonymous_0)
FN:27,(anonymous_1)
FN:48,(anonymous_2)
FN:68,(anonymous_3)
FN:91,(anonymous_4)
FN:110,(anonymous_5)
FNF:6
FNH:6
FNDA:10,(anonymous_0)
FNDA:1,(anonymous_1)
FNDA:1,(anonymous_2)
FNDA:1,(anonymous_3)
FNDA:2,(anonymous_4)
FNDA:6,(anonymous_5)
DA:18,1
DA:19,10
DA:20,10
DA:27,10
DA:28,1
DA:31,1
DA:33,1
DA:34,0
DA:35,0
DA:36,0
DA:39,1
DA:40,1
DA:48,10
DA:49,1
DA:51,1
DA:53,1
DA:54,0
DA:55,0
DA:56,0
DA:59,1
DA:60,1
DA:68,10
DA:69,1
DA:71,1
DA:73,1
DA:74,0
DA:75,0
DA:76,0
DA:79,1
DA:80,1
DA:91,10
DA:92,2
DA:95,2
DA:110,2
DA:111,6
DA:112,0
DA:113,0
DA:114,0
DA:119,2
DA:121,2
DA:122,1
DA:123,1
DA:124,1
DA:127,1
DA:128,1
DA:131,10
LF:46
LH:34
BRDA:33,0,0,0
BRDA:33,0,1,1
BRDA:53,1,0,0
BRDA:53,1,1,1
BRDA:73,2,0,0
BRDA:73,2,1,1
BRDA:111,3,0,0
BRDA:111,3,1,6
BRDA:121,4,0,1
BRDA:121,4,1,1
BRF:10
BRH:6
end_of_record
TN:
SF:hooks\games\useGameStatistics.ts
FN:18,(anonymous_0)
FN:27,(anonymous_1)
FN:46,(anonymous_2)
FN:66,(anonymous_3)
FN:86,(anonymous_4)
FN:105,(anonymous_5)
FN:126,(anonymous_6)
FNF:7
FNH:7
FNDA:12,(anonymous_0)
FNDA:1,(anonymous_1)
FNDA:1,(anonymous_2)
FNDA:1,(anonymous_3)
FNDA:1,(anonymous_4)
FNDA:1,(anonymous_5)
FNDA:1,(anonymous_6)
DA:18,1
DA:19,12
DA:20,12
DA:27,12
DA:28,1
DA:30,1
DA:32,1
DA:33,0
DA:34,0
DA:35,0
DA:38,1
DA:39,1
DA:46,12
DA:47,1
DA:49,1
DA:51,1
DA:52,0
DA:53,0
DA:54,0
DA:57,1
DA:58,1
DA:66,12
DA:67,1
DA:69,1
DA:71,1
DA:72,0
DA:73,0
DA:74,0
DA:77,1
DA:78,1
DA:86,12
DA:87,1
DA:89,1
DA:91,1
DA:92,0
DA:93,0
DA:94,0
DA:97,1
DA:98,1
DA:105,12
DA:106,1
DA:108,1
DA:110,1
DA:111,0
DA:112,0
DA:113,0
DA:116,1
DA:117,1
DA:126,12
DA:127,1
DA:129,1
DA:131,1
DA:132,0
DA:133,0
DA:134,0
DA:137,1
DA:138,1
DA:141,12
LF:58
LH:40
BRDA:32,0,0,0
BRDA:32,0,1,1
BRDA:51,1,0,0
BRDA:51,1,1,1
BRDA:71,2,0,0
BRDA:71,2,1,1
BRDA:91,3,0,0
BRDA:91,3,1,1
BRDA:110,4,0,0
BRDA:110,4,1,1
BRDA:131,5,0,0
BRDA:131,5,1,1
BRF:12
BRH:6
end_of_record
